<?xml version="1.0" encoding="UTF-8"?>
<testng-results skipped="0" failed="0" total="1" passed="1">
  <reporter-output>
  </reporter-output>
  <suite name="Default suite" duration-ms="64368" started-at="2018-12-24T18:23:35Z" finished-at="2018-12-24T18:24:40Z">
    <groups>
    </groups>
    <test name="Default test" duration-ms="64368" started-at="2018-12-24T18:23:35Z" finished-at="2018-12-24T18:24:40Z">
      <class name="gridTest.ChromeGridTest">
        <test-method status="PASS" signature="setUp()[pri:0, instance:gridTest.ChromeGridTest@b39c39]" name="setUp" is-config="true" duration-ms="142" started-at="2018-12-24T23:53:35Z" finished-at="2018-12-24T23:53:35Z">
          <reporter-output>
          </reporter-output>
        </test-method> <!-- setUp -->
        <test-method status="PASS" signature="gridTest()[pri:0, instance:gridTest.ChromeGridTest@b39c39]" name="gridTest" duration-ms="64108" started-at="2018-12-24T23:53:35Z" finished-at="2018-12-24T23:54:40Z">
          <reporter-output>
          </reporter-output>
        </test-method> <!-- gridTest -->
        <test-method status="PASS" signature="cleanUp()[pri:0, instance:gridTest.ChromeGridTest@b39c39]" name="cleanUp" is-config="true" duration-ms="91" started-at="2018-12-24T23:54:40Z" finished-at="2018-12-24T23:54:40Z">
          <reporter-output>
          </reporter-output>
        </test-method> <!-- cleanUp -->
      </class> <!-- gridTest.ChromeGridTest -->
    </test> <!-- Default test -->
  </suite> <!-- Default suite -->
</testng-results>
