<?xml version="1.0" encoding="UTF-8"?>
<testng-results skipped="0" failed="0" total="1" passed="1">
  <reporter-output>
  </reporter-output>
  <suite name="Default suite" duration-ms="48531" started-at="2018-12-19T18:51:21Z" finished-at="2018-12-19T18:52:09Z">
    <groups>
    </groups>
    <test name="Default test" duration-ms="48531" started-at="2018-12-19T18:51:21Z" finished-at="2018-12-19T18:52:09Z">
      <class name="gridTest.ChromeGridTest">
        <test-method status="PASS" signature="setUp()[pri:0, instance:gridTest.ChromeGridTest@b39c39]" name="setUp" is-config="true" duration-ms="225" started-at="2018-12-20T00:21:21Z" finished-at="2018-12-20T00:21:21Z">
          <reporter-output>
          </reporter-output>
        </test-method> <!-- setUp -->
        <test-method status="PASS" signature="gridTest()[pri:0, instance:gridTest.ChromeGridTest@b39c39]" name="gridTest" duration-ms="48137" started-at="2018-12-20T00:21:21Z" finished-at="2018-12-20T00:22:09Z">
          <reporter-output>
          </reporter-output>
        </test-method> <!-- gridTest -->
        <test-method status="PASS" signature="cleanUp()[pri:0, instance:gridTest.ChromeGridTest@b39c39]" name="cleanUp" is-config="true" duration-ms="139" started-at="2018-12-20T00:22:09Z" finished-at="2018-12-20T00:22:09Z">
          <reporter-output>
          </reporter-output>
        </test-method> <!-- cleanUp -->
      </class> <!-- gridTest.ChromeGridTest -->
    </test> <!-- Default test -->
  </suite> <!-- Default suite -->
</testng-results>
